test.obj : error LNK2019: 在函式 "public: class Position & __cdecl Position::operator=(class Position const &)" (??4Position@@QEAAAEAV0@AEBV0@@Z)"private: void __cdecl TestPosition::assign(void)" (?assign@TestPosition@@AEAAXXZ) 中參考了無法解析的外部符號
C:\Users\mses9\Downloads\josh-tzu-apollo-lander-main (2)\josh-tzu-apollo-lander-main\230.09.Ponder\x64\Debug\Lab09.exe : fatal error LNK1120: 1 個無法解析的外部符號
